# JRE version: OpenJDK Runtime Environment (11.0.10) (build 11.0.10+0-b96-7249189)
# Java VM: OpenJDK 64-Bit Server VM (11.0.10+0-b96-7249189, mixed mode, tiered, compressed oops, g1 gc, windows-amd64)
Heap:
 garbage-first heap   total 1180672K, used 328192K [0x0000000080000000, 0x0000000100000000)
  region size 1024K, 10 young (10240K), 10 survivors (10240K)
 Metaspace       used 99856K, capacity 102369K, committed 102604K, reserved 1138688K
  class space    used 13038K, capacity 13958K, committed 14028K, reserved 1048576K
GC Heap History (20 events):
Event: 19.362 GC heap after
{Heap after GC invocations=37 (full 0):
 garbage-first heap   total 206848K, used 180111K [0x0000000080000000, 0x0000000100000000)
  region size 1024K, 2 young (2048K), 2 survivors (2048K)
 Metaspace       used 95251K, capacity 97539K, committed 97868K, reserved 1134592K
  class space    used 12222K, capacity 13038K, committed 13132K, reserved 1048576K
}
Event: 19.395 GC heap before
{Heap before GC invocations=38 (full 0):
 garbage-first heap   total 206848K, used 188303K [0x0000000080000000, 0x0000000100000000)
  region size 1024K, 10 young (10240K), 2 survivors (2048K)
 Metaspace       used 95251K, capacity 97539K, committed 97868K, reserved 1134592K
  class space    used 12222K, capacity 13038K, committed 13132K, reserved 1048576K
}
Event: 19.403 GC heap after
{Heap after GC invocations=39 (full 0):
 garbage-first heap   total 206848K, used 185172K [0x0000000080000000, 0x0000000100000000)
  region size 1024K, 2 young (2048K), 2 survivors (2048K)
 Metaspace       used 95251K, capacity 97539K, committed 97868K, reserved 1134592K
  class space    used 12222K, capacity 13038K, committed 13132K, reserved 1048576K
}
Event: 19.432 GC heap before
{Heap before GC invocations=39 (full 0):
 garbage-first heap   total 206848K, used 192340K [0x0000000080000000, 0x0000000100000000)
  region size 1024K, 10 young (10240K), 2 survivors (2048K)
 Metaspace       used 95251K, capacity 97539K, committed 97868K, reserved 1134592K
  class space    used 12222K, capacity 13038K, committed 13132K, reserved 1048576K
}
Event: 19.453 GC heap after
{Heap after GC invocations=40 (full 0):
 garbage-first heap   total 262144K, used 189211K [0x0000000080000000, 0x0000000100000000)
  region size 1024K, 2 young (2048K), 2 survivors (2048K)
 Metaspace       used 95251K, capacity 97539K, committed 97868K, reserved 1134592K
  class space    used 12222K, capacity 13038K, committed 13132K, reserved 1048576K
}
Event: 19.659 GC heap before
{Heap before GC invocations=40 (full 0):
 garbage-first heap   total 262144K, used 211739K [0x0000000080000000, 0x0000000100000000)
  region size 1024K, 20 young (20480K), 2 survivors (2048K)
 Metaspace       used 95251K, capacity 97539K, committed 97868K, reserved 1134592K
  class space    used 12222K, capacity 13038K, committed 13132K, reserved 1048576K
}
Event: 19.678 GC heap after
{Heap after GC invocations=41 (full 0):
 garbage-first heap   total 262144K, used 201009K [0x0000000080000000, 0x0000000100000000)
  region size 1024K, 3 young (3072K), 3 survivors (3072K)
 Metaspace       used 95251K, capacity 97539K, committed 97868K, reserved 1134592K
  class space    used 12222K, capacity 13038K, committed 13132K, reserved 1048576K
}
Event: 19.739 GC heap before
{Heap before GC invocations=41 (full 0):
 garbage-first heap   total 262144K, used 216369K [0x0000000080000000, 0x0000000100000000)
  region size 1024K, 17 young (17408K), 3 survivors (3072K)
 Metaspace       used 95251K, capacity 97539K, committed 97868K, reserved 1134592K
  class space    used 12222K, capacity 13038K, committed 13132K, reserved 1048576K
}
Event: 19.757 GC heap after
{Heap after GC invocations=42 (full 0):
 garbage-first heap   total 262144K, used 208140K [0x0000000080000000, 0x0000000100000000)
  region size 1024K, 3 young (3072K), 3 survivors (3072K)
 Metaspace       used 95251K, capacity 97539K, committed 97868K, reserved 1134592K
  class space    used 12222K, capacity 13038K, committed 13132K, reserved 1048576K
}
Event: 19.803 GC heap before
{Heap before GC invocations=43 (full 0):
 garbage-first heap   total 262144K, used 220428K [0x0000000080000000, 0x0000000100000000)
  region size 1024K, 15 young (15360K), 3 survivors (3072K)
 Metaspace       used 95251K, capacity 97539K, committed 97868K, reserved 1134592K
  class space    used 12222K, capacity 13038K, committed 13132K, reserved 1048576K
}
Event: 19.816 GC heap after
{Heap after GC invocations=44 (full 0):
 garbage-first heap   total 262144K, used 212353K [0x0000000080000000, 0x0000000100000000)
  region size 1024K, 2 young (2048K), 2 survivors (2048K)
 Metaspace       used 95251K, capacity 97539K, committed 97868K, reserved 1134592K
  class space    used 12222K, capacity 13038K, committed 13132K, reserved 1048576K
}
Event: 19.893 GC heap before
{Heap before GC invocations=44 (full 0):
 garbage-first heap   total 262144K, used 221569K [0x0000000080000000, 0x0000000100000000)
  region size 1024K, 12 young (12288K), 2 survivors (2048K)
 Metaspace       used 96133K, capacity 98383K, committed 98636K, reserved 1134592K
  class space    used 12429K, capacity 13258K, committed 13388K, reserved 1048576K
}
Event: 19.912 GC heap after
{Heap after GC invocations=45 (full 0):
 garbage-first heap   total 569344K, used 216057K [0x0000000080000000, 0x0000000100000000)
  region size 1024K, 2 young (2048K), 2 survivors (2048K)
 Metaspace       used 96133K, capacity 98383K, committed 98636K, reserved 1134592K
  class space    used 12429K, capacity 13258K, committed 13388K, reserved 1048576K
}
Event: 20.653 GC heap before
{Heap before GC invocations=46 (full 0):
 garbage-first heap   total 569344K, used 314361K [0x0000000080000000, 0x0000000100000000)
  region size 1024K, 100 young (102400K), 2 survivors (2048K)
 Metaspace       used 97557K, capacity 99888K, committed 100172K, reserved 1136640K
  class space    used 12698K, capacity 13567K, committed 13644K, reserved 1048576K
}
Event: 20.777 GC heap after
{Heap after GC invocations=47 (full 0):
 garbage-first heap   total 569344K, used 266112K [0x0000000080000000, 0x0000000100000000)
  region size 1024K, 13 young (13312K), 13 survivors (13312K)
 Metaspace       used 97557K, capacity 99888K, committed 100172K, reserved 1136640K
  class space    used 12698K, capacity 13567K, committed 13644K, reserved 1048576K
}
Event: 21.209 GC heap before
{Heap before GC invocations=47 (full 0):
 garbage-first heap   total 569344K, used 354176K [0x0000000080000000, 0x0000000100000000)
  region size 1024K, 99 young (101376K), 13 survivors (13312K)
 Metaspace       used 97566K, capacity 99888K, committed 100172K, reserved 1136640K
  class space    used 12698K, capacity 13567K, committed 13644K, reserved 1048576K
}
Event: 21.285 GC heap after
{Heap after GC invocations=48 (full 0):
 garbage-first heap   total 569344K, used 313344K [0x0000000080000000, 0x0000000100000000)
  region size 1024K, 13 young (13312K), 13 survivors (13312K)
 Metaspace       used 97566K, capacity 99888K, committed 100172K, reserved 1136640K
  class space    used 12698K, capacity 13567K, committed 13644K, reserved 1048576K
}
Event: 21.794 GC heap before
{Heap before GC invocations=48 (full 0):
 garbage-first heap   total 569344K, used 388096K [0x0000000080000000, 0x0000000100000000)
  region size 1024K, 87 young (89088K), 13 survivors (13312K)
 Metaspace       used 99362K, capacity 101747K, committed 101964K, reserved 1136640K
  class space    used 12959K, capacity 13841K, committed 13900K, reserved 1048576K
}
Event: 21.849 GC heap after
{Heap after GC invocations=49 (full 0):
 garbage-first heap   total 569344K, used 347136K [0x0000000080000000, 0x0000000100000000)
  region size 1024K, 11 young (11264K), 11 survivors (11264K)
 Metaspace       used 99362K, capacity 101747K, committed 101964K, reserved 1136640K
  class space    used 12959K, capacity 13841K, committed 13900K, reserved 1048576K
}
Event: 23.211 GC heap before
{Heap before GC invocations=49 (full 0):
 garbage-first heap   total 569344K, used 382976K [0x0000000080000000, 0x0000000100000000)
  region size 1024K, 76 young (77824K), 11 survivors (11264K)
 Metaspace       used 99856K, capacity 102369K, committed 102604K, reserved 1138688K
  class space    used 13038K, capacity 13958K, committed 14028K, reserved 1048576K
}

